<?xml version="1.0" encoding="UTF-8"?>
<testsuite name="com.procamp.AdminFunctionalityTest" tests="1" skipped="0" failures="0" errors="0" timestamp="2019-09-02T15:51:56" hostname="alina-P500CA" time="77.426">
  <properties/>
  <testcase name="loginWithAlreadyEnteredCreds" classname="com.procamp.AdminFunctionalityTest" time="77.426"/>
  <system-out><![CDATA[Appearance
true
Template
true
Logotype
true
Catalog
true
Catalog
true
Attribute Groups
true
Option Groups
true
Manufacturers
true
Suppliers
true
Delivery Statuses
true
Sold Out Statuses
true
Quantity Units
true
CSV Import/Export
true
Countries
true
Currencies
true
Customers
true
Customers
true
CSV Import/Export
true
Newsletter
true
Geo Zones
true
Languages
true
Languages
true
Storage Encoding
true
Modules
true
Customer Modules
true
Shipping Modules
true
Payment Modules
true
Order Modules
true
Order Total Modules
true
Job Modules
true
Orders
true
Orders
true
Order Statuses
true
Pages
true
Pages
true
CSV Import/Export
true
Reports
true
Monthly Sales
true
Most Sold Products
true
Most Shopping Customers
true
Settings
true
Store Info
true
Defaults
true
Email
true
Listings
true
Legal
true
Images
true
Checkout
true
Advanced
true
Security
true
Slides
true
Tax
true
Tax Rates
true
Tax Classes
true
Translations
true
Search Translations
true
Scan Files
true
CSV Import/Export
true
Users
true
vQmods
false
]]></system-out>
  <system-err><![CDATA[SLF4J: Failed to load class "org.slf4j.impl.StaticLoggerBinder".
SLF4J: Defaulting to no-operation (NOP) logger implementation
SLF4J: See http://www.slf4j.org/codes.html#StaticLoggerBinder for further details.
Starting ChromeDriver 75.0.3770.140 (2d9f97485c7b07dc18a74666574f19176731995c-refs/branch-heads/3770@{#1155}) on port 29318
Only local connections are allowed.
Please protect ports used by ChromeDriver and related test frameworks to prevent access by malicious code.
Sep 02, 2019 6:51:58 PM org.openqa.selenium.remote.ProtocolHandshake createSession
INFO: Detected dialect: W3C
]]></system-err>
</testsuite>
